#
# There is insufficient memory for the Java Runtime Environment to continue.
# Native memory allocation (malloc) failed to allocate 32744 bytes for ChunkPool::allocate
# Possible reasons:
#   The system is out of physical RAM or swap space
#   The process is running with CompressedOops enabled, and the Java Heap may be blocking the growth of the native heap
# Possible solutions:
#   Reduce memory load on the system
#   Increase physical memory or swap space
#   Check if swap backing store is full
#   Decrease Java heap size (-Xmx/-Xms)
#   Decrease number of Java threads
#   Decrease Java thread stack sizes (-Xss)
#   Set larger code cache with -XX:ReservedCodeCacheSize=
#   JVM is running with Unscaled Compressed Oops mode in which the Java heap is
#     placed in the first 4GB address space. The Java Heap base address is the
#     maximum limit for the native heap growth. Please use -XX:HeapBaseMinAddress
#     to set the Java Heap base and to place the Java Heap above 4GB virtual address.
# This output file may be truncated or incomplete.
#
#  Out of Memory Error (./src/hotspot/share/memory/arena.cpp:79), pid=7352, tid=18816
#
# JRE version: OpenJDK Runtime Environment Corretto-15.0.2.7.1 (15.0.2+7) (build 15.0.2+7)
# Java VM: OpenJDK 64-Bit Server VM Corretto-15.0.2.7.1 (15.0.2+7, mixed mode, sharing, tiered, compressed oops, g1 gc, windows-amd64)
# No core dump will be written. Minidumps are not enabled by default on client versions of Windows
#

---------------  S U M M A R Y ------------

Command Line: -javaagent:C:\Program Files\JetBrains\IntelliJ IDEA Educational Edition 2021.1.3\lib\idea_rt.jar=65232:C:\Program Files\JetBrains\IntelliJ IDEA Educational Edition 2021.1.3\bin -Dfile.encoding=UTF-8 webservice.irina.task3.Task3Application

Host: AMD Ryzen 7 3700U with Radeon Vega Mobile Gfx  , 8 cores, 5G,  Windows 10 , 64 bit Build 22000 (10.0.22000.1219)
Time: Mon Nov 14 21:46:37 2022 Västeuropa, normaltid elapsed time: 976.643206 seconds (0d 0h 16m 16s)

---------------  T H R E A D  ---------------

Current thread (0x0000020060f4db40):  JavaThread "C2 CompilerThread0" daemon [_thread_in_native, id=18816, stack(0x000000d9de000000,0x000000d9de100000)]


Current CompileTask:
C2: 976643 10097   !   4       org.hibernate.engine.jdbc.internal.StatementPreparerImpl$StatementPreparationTemplate::prepareStatement (100 bytes)

Stack: [0x000000d9de000000,0x000000d9de100000]
Native frames: (J=compiled Java code, j=interpreted, Vv=VM code, C=native code)
V  [jvm.dll+0x5f7aea]
V  [jvm.dll+0x7978c9]
V  [jvm.dll+0x799023]
V  [jvm.dll+0x799673]
V  [jvm.dll+0x1fc4f8]
V  [jvm.dll+0x99a3b]
V  [jvm.dll+0x9981d]
V  [jvm.dll+0x5d6984]
V  [jvm.dll+0x6dffa]
V  [jvm.dll+0x512764]
V  [jvm.dll+0x511ace]
V  [jvm.dll+0x1da036]
V  [jvm.dll+0x1d3835]
V  [jvm.dll+0x1d1467]
V  [jvm.dll+0x164597]
V  [jvm.dll+0x1e0454]
V  [jvm.dll+0x1de59b]
V  [jvm.dll+0x75c4ad]
V  [jvm.dll+0x7553aa]
V  [jvm.dll+0x5f6896]
C  [ucrtbase.dll+0x26c0c]
C  [KERNEL32.DLL+0x15550]
C  [ntdll.dll+0x485b]


---------------  P R O C E S S  ---------------

Threads class SMR info:
_java_thread_list=0x00000200647688f0, length=29, elements={
0x0000020060f29f30, 0x0000020060f2d2b0, 0x0000020060f47140, 0x0000020060f47bf0,
0x0000020060f48e40, 0x0000020060f4db40, 0x0000020060f565f0, 0x0000020060f806b0,
0x00000200619694f0, 0x0000020061aaca50, 0x0000020061b08fe0, 0x000002006436d250,
0x000002006330a420, 0x000002006358dfe0, 0x0000020062d5e390, 0x0000020064a68cc0,
0x0000020062899a60, 0x00000200628978b0, 0x0000020062899590, 0x0000020062898720,
0x0000020062896570, 0x0000020062898bf0, 0x0000020066793ef0, 0x0000020066792bb0,
0x0000020066792210, 0x0000020066790a00, 0x0000020066794890, 0x00000200667926e0,
0x00000200667973e0
}

Java Threads: ( => current thread )
  0x0000020060f29f30 JavaThread "Reference Handler" daemon [_thread_blocked, id=19096, stack(0x000000d9ddb00000,0x000000d9ddc00000)]
  0x0000020060f2d2b0 JavaThread "Finalizer" daemon [_thread_blocked, id=18308, stack(0x000000d9ddc00000,0x000000d9ddd00000)]
  0x0000020060f47140 JavaThread "Signal Dispatcher" daemon [_thread_blocked, id=5324, stack(0x000000d9ddd00000,0x000000d9dde00000)]
  0x0000020060f47bf0 JavaThread "Attach Listener" daemon [_thread_blocked, id=8908, stack(0x000000d9dde00000,0x000000d9ddf00000)]
  0x0000020060f48e40 JavaThread "Service Thread" daemon [_thread_blocked, id=23624, stack(0x000000d9ddf00000,0x000000d9de000000)]
=>0x0000020060f4db40 JavaThread "C2 CompilerThread0" daemon [_thread_in_native, id=18816, stack(0x000000d9de000000,0x000000d9de100000)]
  0x0000020060f565f0 JavaThread "C1 CompilerThread0" daemon [_thread_blocked, id=10980, stack(0x000000d9de100000,0x000000d9de200000)]
  0x0000020060f806b0 JavaThread "Sweeper thread" daemon [_thread_blocked, id=4312, stack(0x000000d9de200000,0x000000d9de300000)]
  0x00000200619694f0 JavaThread "Common-Cleaner" daemon [_thread_blocked, id=17340, stack(0x000000d9de300000,0x000000d9de400000)]
  0x0000020061aaca50 JavaThread "Monitor Ctrl-Break" daemon [_thread_in_native, id=25236, stack(0x000000d9de400000,0x000000d9de500000)]
  0x0000020061b08fe0 JavaThread "Notification Thread" daemon [_thread_blocked, id=22752, stack(0x000000d9de500000,0x000000d9de600000)]
  0x000002006436d250 JavaThread "Catalina-utility-1" [_thread_blocked, id=11948, stack(0x000000d9ded00000,0x000000d9dee00000)]
  0x000002006330a420 JavaThread "Catalina-utility-2" [_thread_blocked, id=24896, stack(0x000000d9dee00000,0x000000d9def00000)]
  0x000002006358dfe0 JavaThread "container-0" [_thread_blocked, id=10296, stack(0x000000d9def00000,0x000000d9df000000)]
  0x0000020062d5e390 JavaThread "mysql-cj-abandoned-connection-cleanup" daemon [_thread_blocked, id=23976, stack(0x000000d9df000000,0x000000d9df100000)]
  0x0000020064a68cc0 JavaThread "HikariPool-1 housekeeper" daemon [_thread_blocked, id=2308, stack(0x000000d9df700000,0x000000d9df800000)]
  0x0000020062899a60 JavaThread "http-nio-8080-exec-1" daemon [_thread_blocked, id=22460, stack(0x000000d9df900000,0x000000d9dfa00000)]
  0x00000200628978b0 JavaThread "http-nio-8080-exec-2" daemon [_thread_blocked, id=18208, stack(0x000000d9dfa00000,0x000000d9dfb00000)]
  0x0000020062899590 JavaThread "http-nio-8080-exec-3" daemon [_thread_blocked, id=24564, stack(0x000000d9dfb00000,0x000000d9dfc00000)]
  0x0000020062898720 JavaThread "http-nio-8080-exec-4" daemon [_thread_blocked, id=19680, stack(0x000000d9dfc00000,0x000000d9dfd00000)]
  0x0000020062896570 JavaThread "http-nio-8080-exec-5" daemon [_thread_blocked, id=2908, stack(0x000000d9dfd00000,0x000000d9dfe00000)]
  0x0000020062898bf0 JavaThread "http-nio-8080-exec-6" daemon [_thread_blocked, id=8660, stack(0x000000d9dfe00000,0x000000d9dff00000)]
  0x0000020066793ef0 JavaThread "http-nio-8080-exec-7" daemon [_thread_blocked, id=22828, stack(0x000000d9dff00000,0x000000d9e0000000)]
  0x0000020066792bb0 JavaThread "http-nio-8080-exec-8" daemon [_thread_blocked, id=11872, stack(0x000000d9e0000000,0x000000d9e0100000)]
  0x0000020066792210 JavaThread "http-nio-8080-exec-9" daemon [_thread_blocked, id=9560, stack(0x000000d9e0100000,0x000000d9e0200000)]
  0x0000020066790a00 JavaThread "http-nio-8080-exec-10" daemon [_thread_blocked, id=8676, stack(0x000000d9e0200000,0x000000d9e0300000)]
  0x0000020066794890 JavaThread "http-nio-8080-Poller" daemon [_thread_in_native, id=11192, stack(0x000000d9e0300000,0x000000d9e0400000)]
  0x00000200667926e0 JavaThread "http-nio-8080-Acceptor" daemon [_thread_in_native, id=24032, stack(0x000000d9e0400000,0x000000d9e0500000)]
  0x00000200667973e0 JavaThread "DestroyJavaVM" [_thread_blocked, id=5676, stack(0x000000d9dd400000,0x000000d9dd500000)]

Other Threads:
  0x0000020060f27f10 VMThread "VM Thread" [stack: 0x000000d9dda00000,0x000000d9ddb00000] [id=6856]
  0x000002004145cff0 WatcherThread [stack: 0x000000d9de600000,0x000000d9de700000] [id=912]
  0x0000020041493b80 GCTaskThread "GC Thread#0" [stack: 0x000000d9dd500000,0x000000d9dd600000] [id=4552]
  0x0000020061db8760 GCTaskThread "GC Thread#1" [stack: 0x000000d9de700000,0x000000d9de800000] [id=8776]
  0x0000020061db8a90 GCTaskThread "GC Thread#2" [stack: 0x000000d9deb00000,0x000000d9dec00000] [id=15012]
  0x0000020061db9a80 GCTaskThread "GC Thread#3" [stack: 0x000000d9dec00000,0x000000d9ded00000] [id=22012]
  0x0000020061db7aa0 GCTaskThread "GC Thread#4" [stack: 0x000000d9df100000,0x000000d9df200000] [id=5564]
  0x0000020061dba0e0 GCTaskThread "GC Thread#5" [stack: 0x000000d9df200000,0x000000d9df300000] [id=20556]
  0x0000020061db8430 GCTaskThread "GC Thread#6" [stack: 0x000000d9df300000,0x000000d9df400000] [id=1656]
  0x0000020061dbada0 GCTaskThread "GC Thread#7" [stack: 0x000000d9df400000,0x000000d9df500000] [id=23024]
  0x00000200414a0c70 ConcurrentGCThread "G1 Main Marker" [stack: 0x000000d9dd600000,0x000000d9dd700000] [id=17272]
  0x00000200414a20a0 ConcurrentGCThread "G1 Conc#0" [stack: 0x000000d9dd700000,0x000000d9dd800000] [id=17796]
  0x0000020061db8100 ConcurrentGCThread "G1 Conc#1" [stack: 0x000000d9dea00000,0x000000d9deb00000] [id=17868]
  0x000002004152e2b0 ConcurrentGCThread "G1 Refine#0" [stack: 0x000000d9dd800000,0x000000d9dd900000] [id=22672]
  0x0000020062631d00 ConcurrentGCThread "G1 Refine#1" [stack: 0x000000d9de800000,0x000000d9de900000] [id=25528]
  0x0000020061b0ab90 ConcurrentGCThread "G1 Refine#2" [stack: 0x000000d9de900000,0x000000d9dea00000] [id=22404]
  0x000002004152ebf0 ConcurrentGCThread "G1 Young RemSet Sampling" [stack: 0x000000d9dd900000,0x000000d9dda00000] [id=10356]

Threads with active compile tasks:
C2 CompilerThread0   976701 10097   !   4       org.hibernate.engine.jdbc.internal.StatementPreparerImpl$StatementPreparationTemplate::prepareStatement (100 bytes)

VM state: not at safepoint (normal execution)

VM Mutex/Monitor currently owned by a thread: None

Heap address: 0x00000000a0e00000, size: 1522 MB, Compressed Oops mode: 32-bit
CDS archive(s) mapped at: [0x0000000800000000-0x0000000800b50000-0x0000000800b50000), size 11862016, SharedBaseAddress: 0x0000000800000000, ArchiveRelocationMode: 0.
Compressed class space mapped at: 0x0000000800b50000-0x0000000840b50000, size: 1073741824
Narrow klass base: 0x0000000800000000, Narrow klass shift: 3, Narrow klass range: 0x100000000

GC Precious Log:
 CPUs: 8 total, 8 available
 Memory: 6082M
 Large Page Support: Disabled
 NUMA Support: Disabled
 Compressed Oops: Enabled (32-bit)
 Heap Region Size: 1M
 Heap Min Capacity: 8M
 Heap Initial Capacity: 96M
 Heap Max Capacity: 1522M
 Pre-touch: Disabled
 Parallel Workers: 8
 Concurrent Workers: 2
 Concurrent Refinement Workers: 8
 Periodic GC: Disabled

Heap:
 garbage-first heap   total 51200K, used 33687K [0x00000000a0e00000, 0x0000000100000000)
  region size 1024K, 8 young (8192K), 1 survivors (1024K)
 Metaspace       used 64032K, capacity 64619K, committed 64816K, reserved 1105920K
  class space    used 7791K, capacity 8007K, committed 8064K, reserved 1048576K

Heap Regions: E=young(eden), S=young(survivor), O=old, HS=humongous(starts), HC=humongous(continues), CS=collection set, F=free, OA=open archive, CA=closed archive, TAMS=top-at-mark-start (previous, next)
|   0|0x00000000a0e00000, 0x00000000a0f00000, 0x00000000a0f00000|100%|HS|  |TAMS 0x00000000a0f00000, 0x00000000a0e00000| Complete 
|   1|0x00000000a0f00000, 0x00000000a1000000, 0x00000000a1000000|100%| O|  |TAMS 0x00000000a1000000, 0x00000000a0f00000| Untracked 
|   2|0x00000000a1000000, 0x00000000a1100000, 0x00000000a1100000|100%| O|  |TAMS 0x00000000a1100000, 0x00000000a1000000| Untracked 
|   3|0x00000000a1100000, 0x00000000a1200000, 0x00000000a1200000|100%| O|  |TAMS 0x00000000a1200000, 0x00000000a1100000| Untracked 
|   4|0x00000000a1200000, 0x00000000a1300000, 0x00000000a1300000|100%| O|  |TAMS 0x00000000a1300000, 0x00000000a1200000| Untracked 
|   5|0x00000000a1300000, 0x00000000a1400000, 0x00000000a1400000|100%| O|  |TAMS 0x00000000a1400000, 0x00000000a1300000| Untracked 
|   6|0x00000000a1400000, 0x00000000a14f7a00, 0x00000000a1500000| 96%| O|  |TAMS 0x00000000a14f7a00, 0x00000000a1400000| Untracked 
|   7|0x00000000a1500000, 0x00000000a1600000, 0x00000000a1600000|100%| O|  |TAMS 0x00000000a1600000, 0x00000000a1500000| Untracked 
|   8|0x00000000a1600000, 0x00000000a1700000, 0x00000000a1700000|100%| O|  |TAMS 0x00000000a1700000, 0x00000000a1600000| Untracked 
|   9|0x00000000a1700000, 0x00000000a1800000, 0x00000000a1800000|100%| O|  |TAMS 0x00000000a1800000, 0x00000000a1700000| Untracked 
|  10|0x00000000a1800000, 0x00000000a1900000, 0x00000000a1900000|100%| O|  |TAMS 0x00000000a1900000, 0x00000000a1800000| Untracked 
|  11|0x00000000a1900000, 0x00000000a1a00000, 0x00000000a1a00000|100%| O|  |TAMS 0x00000000a1a00000, 0x00000000a1900000| Untracked 
|  12|0x00000000a1a00000, 0x00000000a1b00000, 0x00000000a1b00000|100%| O|  |TAMS 0x00000000a1b00000, 0x00000000a1a00000| Untracked 
|  13|0x00000000a1b00000, 0x00000000a1c00000, 0x00000000a1c00000|100%| O|  |TAMS 0x00000000a1c00000, 0x00000000a1b00000| Untracked 
|  14|0x00000000a1c00000, 0x00000000a1d00000, 0x00000000a1d00000|100%| O|  |TAMS 0x00000000a1d00000, 0x00000000a1c00000| Untracked 
|  15|0x00000000a1d00000, 0x00000000a1e00000, 0x00000000a1e00000|100%| O|  |TAMS 0x00000000a1e00000, 0x00000000a1d00000| Untracked 
|  16|0x00000000a1e00000, 0x00000000a1f00000, 0x00000000a1f00000|100%| O|  |TAMS 0x00000000a1f00000, 0x00000000a1e00000| Untracked 
|  17|0x00000000a1f00000, 0x00000000a2000000, 0x00000000a2000000|100%| O|  |TAMS 0x00000000a2000000, 0x00000000a1f00000| Untracked 
|  18|0x00000000a2000000, 0x00000000a2100000, 0x00000000a2100000|100%| O|  |TAMS 0x00000000a2100000, 0x00000000a2000000| Untracked 
|  19|0x00000000a2100000, 0x00000000a2200000, 0x00000000a2200000|100%| O|  |TAMS 0x00000000a2200000, 0x00000000a2100000| Untracked 
|  20|0x00000000a2200000, 0x00000000a2300000, 0x00000000a2300000|100%| O|  |TAMS 0x00000000a2300000, 0x00000000a2200000| Untracked 
|  21|0x00000000a2300000, 0x00000000a2400000, 0x00000000a2400000|100%| O|  |TAMS 0x00000000a2400000, 0x00000000a2300000| Untracked 
|  22|0x00000000a2400000, 0x00000000a2500000, 0x00000000a2500000|100%| O|  |TAMS 0x00000000a2500000, 0x00000000a2400000| Untracked 
|  23|0x00000000a2500000, 0x00000000a2600000, 0x00000000a2600000|100%| O|  |TAMS 0x00000000a2600000, 0x00000000a2500000| Untracked 
|  24|0x00000000a2600000, 0x00000000a2700000, 0x00000000a2700000|100%| O|  |TAMS 0x00000000a2700000, 0x00000000a2600000| Untracked 
|  25|0x00000000a2700000, 0x00000000a2800000, 0x00000000a2800000|100%| O|  |TAMS 0x00000000a2800000, 0x00000000a2700000| Untracked 
|  26|0x00000000a2800000, 0x00000000a28d8800, 0x00000000a2900000| 84%| O|  |TAMS 0x00000000a28d0c00, 0x00000000a2800000| Untracked 
|  27|0x00000000a2900000, 0x00000000a2900000, 0x00000000a2a00000|  0%| F|  |TAMS 0x00000000a2900000, 0x00000000a2900000| Untracked 
|  28|0x00000000a2a00000, 0x00000000a2a00000, 0x00000000a2b00000|  0%| F|  |TAMS 0x00000000a2a00000, 0x00000000a2a00000| Untracked 
|  29|0x00000000a2b00000, 0x00000000a2b00000, 0x00000000a2c00000|  0%| F|  |TAMS 0x00000000a2b00000, 0x00000000a2b00000| Untracked 
|  30|0x00000000a2c00000, 0x00000000a2c00000, 0x00000000a2d00000|  0%| F|  |TAMS 0x00000000a2c00000, 0x00000000a2c00000| Untracked 
|  31|0x00000000a2d00000, 0x00000000a2d00000, 0x00000000a2e00000|  0%| F|  |TAMS 0x00000000a2d00000, 0x00000000a2d00000| Untracked 
|  32|0x00000000a2e00000, 0x00000000a2e00000, 0x00000000a2f00000|  0%| F|  |TAMS 0x00000000a2e00000, 0x00000000a2e00000| Untracked 
|  33|0x00000000a2f00000, 0x00000000a2f00000, 0x00000000a3000000|  0%| F|  |TAMS 0x00000000a2f00000, 0x00000000a2f00000| Untracked 
|  34|0x00000000a3000000, 0x00000000a3015a80, 0x00000000a3100000|  8%| S|CS|TAMS 0x00000000a3000000, 0x00000000a3000000| Complete 
|  35|0x00000000a3100000, 0x00000000a3100000, 0x00000000a3200000|  0%| F|  |TAMS 0x00000000a3100000, 0x00000000a3100000| Untracked 
|  36|0x00000000a3200000, 0x00000000a3200000, 0x00000000a3300000|  0%| F|  |TAMS 0x00000000a3200000, 0x00000000a3200000| Untracked 
|  37|0x00000000a3300000, 0x00000000a3300000, 0x00000000a3400000|  0%| F|  |TAMS 0x00000000a3300000, 0x00000000a3300000| Untracked 
|  38|0x00000000a3400000, 0x00000000a3400000, 0x00000000a3500000|  0%| F|  |TAMS 0x00000000a3400000, 0x00000000a3400000| Untracked 
|  39|0x00000000a3500000, 0x00000000a3500000, 0x00000000a3600000|  0%| F|  |TAMS 0x00000000a3500000, 0x00000000a3500000| Untracked 
|  40|0x00000000a3600000, 0x00000000a3600000, 0x00000000a3700000|  0%| F|  |TAMS 0x00000000a3600000, 0x00000000a3600000| Untracked 
|  41|0x00000000a3700000, 0x00000000a3700000, 0x00000000a3800000|  0%| F|  |TAMS 0x00000000a3700000, 0x00000000a3700000| Untracked 
|  42|0x00000000a3800000, 0x00000000a3800000, 0x00000000a3900000|  0%| F|  |TAMS 0x00000000a3800000, 0x00000000a3800000| Untracked 
|  43|0x00000000a3900000, 0x00000000a39272a0, 0x00000000a3a00000| 15%| E|  |TAMS 0x00000000a3900000, 0x00000000a3900000| Complete 
|  44|0x00000000a3a00000, 0x00000000a3b00000, 0x00000000a3b00000|100%| E|CS|TAMS 0x00000000a3a00000, 0x00000000a3a00000| Complete 
|  45|0x00000000a3b00000, 0x00000000a3c00000, 0x00000000a3c00000|100%| E|CS|TAMS 0x00000000a3b00000, 0x00000000a3b00000| Complete 
|  46|0x00000000a3c00000, 0x00000000a3d00000, 0x00000000a3d00000|100%| E|CS|TAMS 0x00000000a3c00000, 0x00000000a3c00000| Complete 
|  47|0x00000000a3d00000, 0x00000000a3e00000, 0x00000000a3e00000|100%| E|CS|TAMS 0x00000000a3d00000, 0x00000000a3d00000| Complete 
|  48|0x00000000a3e00000, 0x00000000a3f00000, 0x00000000a3f00000|100%| E|CS|TAMS 0x00000000a3e00000, 0x00000000a3e00000| Complete 
|  95|0x00000000a6d00000, 0x00000000a6e00000, 0x00000000a6e00000|100%| E|CS|TAMS 0x00000000a6d00000, 0x00000000a6d00000| Complete 

Card table byte_map: [0x000002005aee0000,0x000002005b1e0000] _byte_map_base: 0x000002005a9d9000

Marking Bits (Prev, Next): (CMBitMap*) 0x00000200414943b0, (CMBitMap*) 0x0000020041494370
 Prev Bits: [0x000002005ccb0000, 0x000002005e478000)
 Next Bits: [0x000002005b4e0000, 0x000002005cca8000)

Polling page: 0x0000020041530000

Metaspace:

Usage:
  Non-class:     55.29 MB capacity,    54.92 MB (>99%) used,   283.90 KB ( <1%) free+waste,    87.50 KB ( <1%) overhead. 
      Class:      7.82 MB capacity,     7.61 MB ( 97%) used,   183.41 KB (  2%) free+waste,    32.00 KB ( <1%) overhead. 
       Both:     63.10 MB capacity,    62.53 MB (>99%) used,   467.31 KB ( <1%) free+waste,   119.50 KB ( <1%) overhead. 

Virtual space:
  Non-class space:       56.00 MB reserved,      55.42 MB ( 99%) committed 
      Class space:        1.00 GB reserved,       7.88 MB ( <1%) committed 
             Both:        1.05 GB reserved,      63.30 MB (  6%) committed 

Chunk freelists:
   Non-Class:  12.00 KB
       Class:  0 bytes
        Both:  12.00 KB

MaxMetaspaceSize: 17179869184.00 GB
CompressedClassSpaceSize: 1.00 GB

CodeHeap 'non-profiled nmethods': size=120000Kb used=6368Kb max_used=6368Kb free=113631Kb
 bounds [0x0000020052c50000, 0x0000020053290000, 0x000002005a180000]
CodeHeap 'profiled nmethods': size=120000Kb used=15802Kb max_used=18740Kb free=104197Kb
 bounds [0x000002004b720000, 0x000002004c970000, 0x0000020052c50000]
CodeHeap 'non-nmethods': size=5760Kb used=1335Kb max_used=1416Kb free=4424Kb
 bounds [0x000002004b180000, 0x000002004b3f0000, 0x000002004b720000]
 total_blobs=8881 nmethods=8249 adapters=542
 compilation: enabled
              stopped_count=0, restarted_count=0
 full_count=0

Compilation events (20 events):
Event: 975.720 Thread 0x0000020060f4db40 nmethod 10088 0x000002005327c190 code [0x000002005327c360, 0x000002005327c8a8]
Event: 975.831 Thread 0x0000020060f4db40 10089       4       java.util.Locale::getUnicodeLocaleType (55 bytes)
Event: 975.835 Thread 0x0000020060f4db40 nmethod 10089 0x000002005327cd10 code [0x000002005327cec0, 0x000002005327d108]
Event: 975.932 Thread 0x0000020060f4db40 10090       4       org.springframework.orm.jpa.ExtendedEntityManagerCreator::createProxy (77 bytes)
Event: 975.962 Thread 0x0000020060f4db40 nmethod 10090 0x000002005327d410 code [0x000002005327d660, 0x000002005327dfc0]
Event: 975.963 Thread 0x0000020060f4db40 10091       4       org.springframework.util.ClassUtils::getQualifiedMethodName (47 bytes)
Event: 976.071 Thread 0x0000020060f4db40 nmethod 10091 0x000002005327e790 code [0x000002005327e9e0, 0x00000200532801b0]
Event: 976.071 Thread 0x0000020060f4db40 10092   !   4       java.io.BufferedWriter::flushBuffer (53 bytes)
Event: 976.122 Thread 0x0000020060f4db40 nmethod 10092 0x0000020053280d10 code [0x0000020053280f40, 0x00000200532823d0]
Event: 976.122 Thread 0x0000020060f4db40 10093       4       org.jboss.logging.Logger::tracef (31 bytes)
Event: 976.124 Thread 0x0000020060f4db40 nmethod 10093 0x0000020053283790 code [0x0000020053283920, 0x00000200532839f8]
Event: 976.296 Thread 0x0000020060f4db40 10094   !   4       sun.security.ssl.SSLSocketImpl::decode (94 bytes)
Event: 976.302 Thread 0x0000020060f4db40 nmethod 10094 0x0000020053283b10 code [0x0000020053283cc0, 0x0000020053283f78]
Event: 976.326 Thread 0x0000020060f4db40 10095       4       org.hibernate.engine.internal.StatefulPersistenceContext::clear (220 bytes)
Event: 976.445 Thread 0x0000020060f4db40 nmethod 10095 0x0000020053284290 code [0x0000020053284480, 0x0000020053285748]
Event: 976.445 Thread 0x0000020060f4db40 10096       4       com.mysql.cj.QueryInfo::getQueryReturnType (398 bytes)
Event: 976.542 Thread 0x0000020060f4db40 nmethod 10096 0x0000020053285d10 code [0x0000020053285fc0, 0x0000020053287100]
Event: 976.542 Thread 0x0000020060f4db40 10097   !   4       org.hibernate.engine.jdbc.internal.StatementPreparerImpl$StatementPreparationTemplate::prepareStatement (100 bytes)
Event: 976.598 Thread 0x0000020060f565f0 10099   !   3       java.nio.channels.spi.AbstractSelectableChannel::isRegistered (27 bytes)
Event: 976.598 Thread 0x0000020060f565f0 nmethod 10099 0x000002004b747c10 code [0x000002004b747da0, 0x000002004b747fd8]

GC Heap History (20 events):
Event: 962.409 GC heap before
{Heap before GC invocations=52 (full 0):
 garbage-first heap   total 50176K, used 42862K [0x00000000a0e00000, 0x0000000100000000)
  region size 1024K, 16 young (16384K), 1 survivors (1024K)
 Metaspace       used 64016K, capacity 64555K, committed 64816K, reserved 1105920K
  class space    used 7790K, capacity 8007K, committed 8064K, reserved 1048576K
}
Event: 962.414 GC heap after
{Heap after GC invocations=53 (full 0):
 garbage-first heap   total 50176K, used 27460K [0x00000000a0e00000, 0x0000000100000000)
  region size 1024K, 1 young (1024K), 1 survivors (1024K)
 Metaspace       used 64016K, capacity 64555K, committed 64816K, reserved 1105920K
  class space    used 7790K, capacity 8007K, committed 8064K, reserved 1048576K
}
Event: 963.788 GC heap before
{Heap before GC invocations=54 (full 0):
 garbage-first heap   total 50176K, used 42820K [0x00000000a0e00000, 0x0000000100000000)
  region size 1024K, 16 young (16384K), 1 survivors (1024K)
 Metaspace       used 64016K, capacity 64555K, committed 64816K, reserved 1105920K
  class space    used 7790K, capacity 8007K, committed 8064K, reserved 1048576K
}
Event: 963.792 GC heap after
{Heap after GC invocations=55 (full 0):
 garbage-first heap   total 50176K, used 27475K [0x00000000a0e00000, 0x0000000100000000)
  region size 1024K, 1 young (1024K), 1 survivors (1024K)
 Metaspace       used 64016K, capacity 64555K, committed 64816K, reserved 1105920K
  class space    used 7790K, capacity 8007K, committed 8064K, reserved 1048576K
}
Event: 965.248 GC heap before
{Heap before GC invocations=55 (full 0):
 garbage-first heap   total 50176K, used 42835K [0x00000000a0e00000, 0x0000000100000000)
  region size 1024K, 16 young (16384K), 1 survivors (1024K)
 Metaspace       used 64016K, capacity 64555K, committed 64816K, reserved 1105920K
  class space    used 7790K, capacity 8007K, committed 8064K, reserved 1048576K
}
Event: 965.253 GC heap after
{Heap after GC invocations=56 (full 0):
 garbage-first heap   total 50176K, used 27472K [0x00000000a0e00000, 0x0000000100000000)
  region size 1024K, 1 young (1024K), 1 survivors (1024K)
 Metaspace       used 64016K, capacity 64555K, committed 64816K, reserved 1105920K
  class space    used 7790K, capacity 8007K, committed 8064K, reserved 1048576K
}
Event: 967.251 GC heap before
{Heap before GC invocations=57 (full 0):
 garbage-first heap   total 50176K, used 42832K [0x00000000a0e00000, 0x0000000100000000)
  region size 1024K, 16 young (16384K), 1 survivors (1024K)
 Metaspace       used 64017K, capacity 64555K, committed 64816K, reserved 1105920K
  class space    used 7790K, capacity 8007K, committed 8064K, reserved 1048576K
}
Event: 967.254 GC heap after
{Heap after GC invocations=58 (full 0):
 garbage-first heap   total 50176K, used 27487K [0x00000000a0e00000, 0x0000000100000000)
  region size 1024K, 1 young (1024K), 1 survivors (1024K)
 Metaspace       used 64017K, capacity 64555K, committed 64816K, reserved 1105920K
  class space    used 7790K, capacity 8007K, committed 8064K, reserved 1048576K
}
Event: 968.760 GC heap before
{Heap before GC invocations=58 (full 0):
 garbage-first heap   total 50176K, used 42847K [0x00000000a0e00000, 0x0000000100000000)
  region size 1024K, 16 young (16384K), 1 survivors (1024K)
 Metaspace       used 64018K, capacity 64555K, committed 64816K, reserved 1105920K
  class space    used 7790K, capacity 8007K, committed 8064K, reserved 1048576K
}
Event: 968.767 GC heap after
{Heap after GC invocations=59 (full 0):
 garbage-first heap   total 50176K, used 27498K [0x00000000a0e00000, 0x0000000100000000)
  region size 1024K, 1 young (1024K), 1 survivors (1024K)
 Metaspace       used 64018K, capacity 64555K, committed 64816K, reserved 1105920K
  class space    used 7790K, capacity 8007K, committed 8064K, reserved 1048576K
}
Event: 970.192 GC heap before
{Heap before GC invocations=60 (full 0):
 garbage-first heap   total 50176K, used 42858K [0x00000000a0e00000, 0x0000000100000000)
  region size 1024K, 16 young (16384K), 1 survivors (1024K)
 Metaspace       used 64029K, capacity 64619K, committed 64816K, reserved 1105920K
  class space    used 7790K, capacity 8007K, committed 8064K, reserved 1048576K
}
Event: 970.194 GC heap after
{Heap after GC invocations=61 (full 0):
 garbage-first heap   total 50176K, used 27547K [0x00000000a0e00000, 0x0000000100000000)
  region size 1024K, 1 young (1024K), 1 survivors (1024K)
 Metaspace       used 64029K, capacity 64619K, committed 64816K, reserved 1105920K
  class space    used 7790K, capacity 8007K, committed 8064K, reserved 1048576K
}
Event: 971.841 GC heap before
{Heap before GC invocations=61 (full 0):
 garbage-first heap   total 50176K, used 42907K [0x00000000a0e00000, 0x0000000100000000)
  region size 1024K, 16 young (16384K), 1 survivors (1024K)
 Metaspace       used 64030K, capacity 64619K, committed 64816K, reserved 1105920K
  class space    used 7791K, capacity 8007K, committed 8064K, reserved 1048576K
}
Event: 971.844 GC heap after
{Heap after GC invocations=62 (full 0):
 garbage-first heap   total 50176K, used 27519K [0x00000000a0e00000, 0x0000000100000000)
  region size 1024K, 1 young (1024K), 1 survivors (1024K)
 Metaspace       used 64030K, capacity 64619K, committed 64816K, reserved 1105920K
  class space    used 7791K, capacity 8007K, committed 8064K, reserved 1048576K
}
Event: 973.130 GC heap before
{Heap before GC invocations=63 (full 0):
 garbage-first heap   total 50176K, used 42879K [0x00000000a0e00000, 0x0000000100000000)
  region size 1024K, 16 young (16384K), 1 survivors (1024K)
 Metaspace       used 64031K, capacity 64619K, committed 64816K, reserved 1105920K
  class space    used 7791K, capacity 8007K, committed 8064K, reserved 1048576K
}
Event: 973.133 GC heap after
{Heap after GC invocations=64 (full 0):
 garbage-first heap   total 50176K, used 27528K [0x00000000a0e00000, 0x0000000100000000)
  region size 1024K, 1 young (1024K), 1 survivors (1024K)
 Metaspace       used 64031K, capacity 64619K, committed 64816K, reserved 1105920K
  class space    used 7791K, capacity 8007K, committed 8064K, reserved 1048576K
}
Event: 974.451 GC heap before
{Heap before GC invocations=64 (full 0):
 garbage-first heap   total 50176K, used 42888K [0x00000000a0e00000, 0x0000000100000000)
  region size 1024K, 16 young (16384K), 1 survivors (1024K)
 Metaspace       used 64031K, capacity 64619K, committed 64816K, reserved 1105920K
  class space    used 7791K, capacity 8007K, committed 8064K, reserved 1048576K
}
Event: 974.453 GC heap after
{Heap after GC invocations=65 (full 0):
 garbage-first heap   total 50176K, used 27557K [0x00000000a0e00000, 0x0000000100000000)
  region size 1024K, 1 young (1024K), 1 survivors (1024K)
 Metaspace       used 64031K, capacity 64619K, committed 64816K, reserved 1105920K
  class space    used 7791K, capacity 8007K, committed 8064K, reserved 1048576K
}
Event: 975.806 GC heap before
{Heap before GC invocations=66 (full 0):
 garbage-first heap   total 51200K, used 42917K [0x00000000a0e00000, 0x0000000100000000)
  region size 1024K, 16 young (16384K), 1 survivors (1024K)
 Metaspace       used 64031K, capacity 64619K, committed 64816K, reserved 1105920K
  class space    used 7791K, capacity 8007K, committed 8064K, reserved 1048576K
}
Event: 975.808 GC heap after
{Heap after GC invocations=67 (full 0):
 garbage-first heap   total 51200K, used 27543K [0x00000000a0e00000, 0x0000000100000000)
  region size 1024K, 1 young (1024K), 1 survivors (1024K)
 Metaspace       used 64031K, capacity 64619K, committed 64816K, reserved 1105920K
  class space    used 7791K, capacity 8007K, committed 8064K, reserved 1048576K
}

Deoptimization events (20 events):
Event: 972.870 Thread 0x0000020062899590 Uncommon trap: trap_request=0xffffff45 fr.pc=0x00000200531657ac relative=0x000000000000012c
Event: 972.870 Thread 0x0000020062899590 Uncommon trap: reason=unstable_if action=reinterpret pc=0x00000200531657ac method=java.util.GregorianCalendar.getWeekNumber(JJ)I @ 48 c2
Event: 972.870 Thread 0x0000020062899590 DEOPT PACKING pc=0x00000200531657ac sp=0x000000d9dfbfc030
Event: 972.870 Thread 0x0000020062899590 DEOPT UNPACKING pc=0x000002004b1ce42f sp=0x000000d9dfbfbfa0 mode 2
Event: 976.450 Thread 0x00000200628978b0 Uncommon trap: trap_request=0xffffffd6 fr.pc=0x00000200532853bc relative=0x0000000000000f3c
Event: 976.450 Thread 0x00000200628978b0 Uncommon trap: reason=array_check action=maybe_recompile pc=0x00000200532853bc method=org.hibernate.engine.internal.EntityEntryContext.reentrantSafeEntityEntries()[Ljava/util/Map$Entry; @ 57 c2
Event: 976.450 Thread 0x00000200628978b0 DEOPT PACKING pc=0x00000200532853bc sp=0x000000d9dfafc980
Event: 976.450 Thread 0x00000200628978b0 DEOPT UNPACKING pc=0x000002004b1ce42f sp=0x000000d9dfafc8c0 mode 2
Event: 976.484 Thread 0x0000020062899590 Uncommon trap: trap_request=0xffffffd6 fr.pc=0x00000200532853bc relative=0x0000000000000f3c
Event: 976.484 Thread 0x0000020062899590 Uncommon trap: reason=array_check action=maybe_recompile pc=0x00000200532853bc method=org.hibernate.engine.internal.EntityEntryContext.reentrantSafeEntityEntries()[Ljava/util/Map$Entry; @ 57 c2
Event: 976.484 Thread 0x0000020062899590 DEOPT PACKING pc=0x00000200532853bc sp=0x000000d9dfbfcc70
Event: 976.484 Thread 0x0000020062899590 DEOPT UNPACKING pc=0x000002004b1ce42f sp=0x000000d9dfbfcbb0 mode 2
Event: 976.507 Thread 0x0000020062898720 Uncommon trap: trap_request=0xffffffd6 fr.pc=0x00000200532853bc relative=0x0000000000000f3c
Event: 976.507 Thread 0x0000020062898720 Uncommon trap: reason=array_check action=maybe_recompile pc=0x00000200532853bc method=org.hibernate.engine.internal.EntityEntryContext.reentrantSafeEntityEntries()[Ljava/util/Map$Entry; @ 57 c2
Event: 976.507 Thread 0x0000020062898720 DEOPT PACKING pc=0x00000200532853bc sp=0x000000d9dfcfcc80
Event: 976.507 Thread 0x0000020062898720 DEOPT UNPACKING pc=0x000002004b1ce42f sp=0x000000d9dfcfcbc0 mode 2
Event: 976.517 Thread 0x0000020066792bb0 Uncommon trap: trap_request=0xffffffd6 fr.pc=0x00000200532853bc relative=0x0000000000000f3c
Event: 976.518 Thread 0x0000020066792bb0 Uncommon trap: reason=array_check action=maybe_recompile pc=0x00000200532853bc method=org.hibernate.engine.internal.EntityEntryContext.reentrantSafeEntityEntries()[Ljava/util/Map$Entry; @ 57 c2
Event: 976.518 Thread 0x0000020066792bb0 DEOPT PACKING pc=0x00000200532853bc sp=0x000000d9e00fc830
Event: 976.518 Thread 0x0000020066792bb0 DEOPT UNPACKING pc=0x000002004b1ce42f sp=0x000000d9e00fc770 mode 2

Classes unloaded (0 events):
No events

Classes redefined (0 events):
No events

Internal exceptions (20 events):
Event: 14.836 Thread 0x000002004145c000 Exception <a 'java/lang/ClassNotFoundException'{0x00000000a2d918a0}: java/lang/ObjectCustomizer> (0x00000000a2d918a0) 
thrown [./src/hotspot/share/classfile/systemDictionary.cpp, line 295]
Event: 14.837 Thread 0x000002004145c000 Exception <a 'java/lang/ClassNotFoundException'{0x00000000a2d98488}: org/springframework/web/servlet/config/annotation/WebMvcConfigurationSupportCustomizer> (0x00000000a2d98488) 
thrown [./src/hotspot/share/classfile/systemDictionary.cpp, line 295]
Event: 14.840 Thread 0x000002004145c000 Exception <a 'java/lang/ClassNotFoundException'{0x00000000a2dab1d8}: org/springframework/web/servlet/config/annotation/DelegatingWebMvcConfigurationCustomizer> (0x00000000a2dab1d8) 
thrown [./src/hotspot/share/classfile/systemDictionary.cpp, line 295]
Event: 14.842 Thread 0x000002004145c000 Exception <a 'java/lang/ClassNotFoundException'{0x00000000a2db3160}: org/springframework/boot/autoconfigure/web/servlet/WebMvcAutoConfiguration$EnableWebMvcConfigurationCustomizer> (0x00000000a2db3160) 
thrown [./src/hotspot/share/classfile/systemDictionary.cpp, line 295]
Event: 14.844 Thread 0x000002004145c000 Exception <a 'java/lang/ClassNotFoundException'{0x00000000a2dc4580}: org/springframework/context/ResourceLoaderAwareCustomizer> (0x00000000a2dc4580) 
thrown [./src/hotspot/share/classfile/systemDictionary.cpp, line 295]
Event: 14.845 Thread 0x000002004145c000 Exception <a 'java/lang/ClassNotFoundException'{0x00000000a2dc83c8}: org/springframework/beans/factory/AwareCustomizer> (0x00000000a2dc83c8) 
thrown [./src/hotspot/share/classfile/systemDictionary.cpp, line 295]
Event: 14.845 Thread 0x000002004145c000 Exception <a 'java/lang/ClassNotFoundException'{0x00000000a2dcb5b0}: org/springframework/context/ApplicationContextAwareCustomizer> (0x00000000a2dcb5b0) 
thrown [./src/hotspot/share/classfile/systemDictionary.cpp, line 295]
Event: 14.846 Thread 0x000002004145c000 Exception <a 'java/lang/ClassNotFoundException'{0x00000000a2dd0210}: org/springframework/beans/factory/AwareCustomizer> (0x00000000a2dd0210) 
thrown [./src/hotspot/share/classfile/systemDictionary.cpp, line 295]
Event: 14.846 Thread 0x000002004145c000 Exception <a 'java/lang/ClassNotFoundException'{0x00000000a2dd33d0}: org/springframework/web/context/ServletContextAwareCustomizer> (0x00000000a2dd33d0) 
thrown [./src/hotspot/share/classfile/systemDictionary.cpp, line 295]
Event: 14.847 Thread 0x000002004145c000 Exception <a 'java/lang/ClassNotFoundException'{0x00000000a2dd7670}: org/springframework/beans/factory/AwareCustomizer> (0x00000000a2dd7670) 
thrown [./src/hotspot/share/classfile/systemDictionary.cpp, line 295]
Event: 15.184 Thread 0x000002004145c000 Exception <a 'java/lang/NoSuchMethodError'{0x00000000a3360488}: 'void java.lang.invoke.DirectMethodHandle$Holder.invokeVirtual(java.lang.Object, java.lang.Object, int)'> (0x00000000a3360488) 
thrown [./src/hotspot/share/interpreter/linkResolver.cpp, line 782]
Event: 15.189 Thread 0x000002004145c000 Exception <a 'java/lang/NoSuchMethodError'{0x00000000a337c758}: 'void java.lang.invoke.DirectMethodHandle$Holder.invokeVirtual(java.lang.Object, java.lang.Object, long)'> (0x00000000a337c758) 
thrown [./src/hotspot/share/interpreter/linkResolver.cpp, line 782]
Event: 15.538 Thread 0x000002004145c000 Exception <a 'java/lang/IncompatibleClassChangeError'{0x00000000a2d62c28}: Found class java.lang.Object, but interface was expected> (0x00000000a2d62c28) 
thrown [./src/hotspot/share/interpreter/linkResolver.cpp, line 848]
Event: 15.867 Thread 0x000002004145c000 Exception <a 'java/lang/NoSuchMethodError'{0x00000000a34712a8}: 'java.lang.Object java.lang.invoke.DirectMethodHandle$Holder.invokeSpecial(java.lang.Object, java.lang.Object, int, java.lang.Object, int, java.lang.Object)'> (0x00000000a34712a8) 
thrown [./src/hotspot/share/interpreter/linkResolver.cpp, line 782]
Event: 15.868 Thread 0x000002004145c000 Exception <a 'java/lang/NoSuchMethodError'{0x00000000a3479a90}: 'java.lang.Object java.lang.invoke.DirectMethodHandle$Holder.newInvokeSpecial(java.lang.Object, java.lang.Object, int, java.lang.Object, int)'> (0x00000000a3479a90) 
thrown [./src/hotspot/share/interpreter/linkResolver.cpp, line 782]
Event: 15.869 Thread 0x000002004145c000 Exception <a 'java/lang/NoSuchMethodError'{0x00000000a347dca0}: 'java.lang.Object java.lang.invoke.DirectMethodHandle$Holder.invokeSpecial(java.lang.Object, java.lang.Object, java.lang.Object, int, java.lang.Object, int)'> (0x00000000a347dca0) 
thrown [./src/hotspot/share/interpreter/linkResolver.cpp, line 782]
Event: 15.872 Thread 0x000002004145c000 Exception <a 'java/lang/NoSuchMethodError'{0x00000000a3488298}: 'void java.lang.invoke.DirectMethodHandle$Holder.invokeVirtual(java.lang.Object, java.lang.Object)'> (0x00000000a3488298) 
thrown [./src/hotspot/share/interpreter/linkResolver.cpp, line 782]
Event: 15.962 Thread 0x000002004145c000 Implicit null exception at 0x0000020052ed265b to 0x0000020052ed295e
Event: 15.968 Thread 0x000002004145c000 Implicit null exception at 0x0000020052dc66db to 0x0000020052dc6754
Event: 610.062 Thread 0x00000200628978b0 Exception <a 'java/lang/NoSuchMethodError'{0x00000000a35ee9a8}: 'java.lang.Object java.lang.invoke.DirectMethodHandle$Holder.invokeStaticInit(java.lang.Object, java.lang.Object, java.lang.Object, java.lang.Object, java.lang.Object, java.lang.Object)'> (0x00000000a35ee9a8) 
thrown [./src/hotspot/share/interpreter/linkResolver.cpp, line 782]

Events (20 events):
Event: 973.135 Executing VM operation: HandshakeAllThreads
Event: 973.135 Executing VM operation: HandshakeAllThreads done
Event: 974.146 Executing VM operation: HandshakeAllThreads
Event: 974.147 Executing VM operation: HandshakeAllThreads done
Event: 974.450 Executing VM operation: G1CollectForAllocation
Event: 974.453 Executing VM operation: G1CollectForAllocation done
Event: 974.453 Executing VM operation: HandshakeAllThreads
Event: 974.453 Executing VM operation: HandshakeAllThreads done
Event: 974.507 Executing VM operation: G1Concurrent
Event: 974.515 Executing VM operation: G1Concurrent done
Event: 974.515 Executing VM operation: HandshakeAllThreads
Event: 974.517 Executing VM operation: HandshakeAllThreads done
Event: 974.538 Executing VM operation: G1Concurrent
Event: 974.538 Executing VM operation: G1Concurrent done
Event: 974.538 Executing VM operation: HandshakeAllThreads
Event: 974.539 Executing VM operation: HandshakeAllThreads done
Event: 975.806 Executing VM operation: G1CollectForAllocation
Event: 975.808 Executing VM operation: G1CollectForAllocation done
Event: 975.808 Executing VM operation: HandshakeAllThreads
Event: 975.808 Executing VM operation: HandshakeAllThreads done


Dynamic libraries:
0x00007ff735cc0000 - 0x00007ff735ccd000 	C:\Users\irina\.jdks\corretto-15.0.2\bin\java.exe
0x00007ffda3a80000 - 0x00007ffda3c89000 	C:\WINDOWS\SYSTEM32\ntdll.dll
0x00007ffda2310000 - 0x00007ffda23ce000 	C:\WINDOWS\System32\KERNEL32.DLL
0x00007ffda1580000 - 0x00007ffda18fb000 	C:\WINDOWS\System32\KERNELBASE.dll
0x00007ffda11d0000 - 0x00007ffda12e1000 	C:\WINDOWS\System32\ucrtbase.dll
0x00007ffd9ac40000 - 0x00007ffd9ac55000 	C:\Users\irina\.jdks\corretto-15.0.2\bin\VCRUNTIME140.dll
0x00007ffd9a830000 - 0x00007ffd9a848000 	C:\Users\irina\.jdks\corretto-15.0.2\bin\jli.dll
0x00007ffda3890000 - 0x00007ffda3a3d000 	C:\WINDOWS\System32\USER32.dll
0x00007ffd96060000 - 0x00007ffd96305000 	C:\WINDOWS\WinSxS\amd64_microsoft.windows.common-controls_6595b64144ccf1df_6.0.22000.120_none_9d947278b86cc467\COMCTL32.dll
0x00007ffda1900000 - 0x00007ffda19a3000 	C:\WINDOWS\System32\msvcrt.dll
0x00007ffda14d0000 - 0x00007ffda14f6000 	C:\WINDOWS\System32\win32u.dll
0x00007ffda1f00000 - 0x00007ffda1f29000 	C:\WINDOWS\System32\GDI32.dll
0x00007ffda10b0000 - 0x00007ffda11c8000 	C:\WINDOWS\System32\gdi32full.dll
0x00007ffda1010000 - 0x00007ffda10ad000 	C:\WINDOWS\System32\msvcp_win.dll
0x00007ffda19b0000 - 0x00007ffda19e2000 	C:\WINDOWS\System32\IMM32.DLL
0x00007ffd52800000 - 0x00007ffd5289b000 	C:\Users\irina\.jdks\corretto-15.0.2\bin\msvcp140.dll
0x00007ffd025e0000 - 0x00007ffd03171000 	C:\Users\irina\.jdks\corretto-15.0.2\bin\server\jvm.dll
0x00007ffda2fd0000 - 0x00007ffda307e000 	C:\WINDOWS\System32\ADVAPI32.dll
0x00007ffda3080000 - 0x00007ffda311e000 	C:\WINDOWS\System32\sechost.dll
0x00007ffda1f30000 - 0x00007ffda2050000 	C:\WINDOWS\System32\RPCRT4.dll
0x00007ffda2460000 - 0x00007ffda2468000 	C:\WINDOWS\System32\PSAPI.DLL
0x00007ffd9d870000 - 0x00007ffd9d8a3000 	C:\WINDOWS\SYSTEM32\WINMM.dll
0x00007ffd99830000 - 0x00007ffd9983a000 	C:\WINDOWS\SYSTEM32\VERSION.dll
0x00007ffd9d9b0000 - 0x00007ffd9d9b9000 	C:\WINDOWS\SYSTEM32\WSOCK32.dll
0x00007ffda19f0000 - 0x00007ffda1a5f000 	C:\WINDOWS\System32\WS2_32.dll
0x00007ffd9ffd0000 - 0x00007ffd9ffe8000 	C:\WINDOWS\SYSTEM32\kernel.appcore.dll
0x00007ffd9a860000 - 0x00007ffd9a86a000 	C:\Users\irina\.jdks\corretto-15.0.2\bin\jimage.dll
0x00007ffd9eaf0000 - 0x00007ffd9ed11000 	C:\WINDOWS\SYSTEM32\DBGHELP.DLL
0x00007ffd9a8f0000 - 0x00007ffd9a921000 	C:\WINDOWS\SYSTEM32\dbgcore.DLL
0x00007ffda1500000 - 0x00007ffda157f000 	C:\WINDOWS\System32\bcryptPrimitives.dll
0x00007ffd9a440000 - 0x00007ffd9a44e000 	C:\Users\irina\.jdks\corretto-15.0.2\bin\instrument.dll
0x00007ffd99d70000 - 0x00007ffd99d95000 	C:\Users\irina\.jdks\corretto-15.0.2\bin\java.dll
0x00007ffda2810000 - 0x00007ffda2fc8000 	C:\WINDOWS\System32\SHELL32.dll
0x00007ffd9f010000 - 0x00007ffd9f875000 	C:\WINDOWS\SYSTEM32\windows.storage.dll
0x00007ffda2470000 - 0x00007ffda27e8000 	C:\WINDOWS\System32\combase.dll
0x00007ffd9eea0000 - 0x00007ffd9f006000 	C:\WINDOWS\SYSTEM32\wintypes.dll
0x00007ffda2130000 - 0x00007ffda221a000 	C:\WINDOWS\System32\SHCORE.dll
0x00007ffda1a60000 - 0x00007ffda1abd000 	C:\WINDOWS\System32\shlwapi.dll
0x00007ffda0e80000 - 0x00007ffda0ea1000 	C:\WINDOWS\SYSTEM32\profapi.dll
0x00007ffd90ea0000 - 0x00007ffd90eb8000 	C:\Users\irina\.jdks\corretto-15.0.2\bin\zip.dll
0x00007ffd90910000 - 0x00007ffd90929000 	C:\Users\irina\.jdks\corretto-15.0.2\bin\net.dll
0x00007ffd9d3c0000 - 0x00007ffd9d4d4000 	C:\WINDOWS\SYSTEM32\WINHTTP.dll
0x00007ffda0470000 - 0x00007ffda04d7000 	C:\WINDOWS\system32\mswsock.dll
0x00007ffd90300000 - 0x00007ffd90312000 	C:\Users\irina\.jdks\corretto-15.0.2\bin\nio.dll
0x00007ffd7c470000 - 0x00007ffd7c48a000 	C:\Program Files\JetBrains\IntelliJ IDEA Educational Edition 2021.1.3\bin\breakgen64.dll
0x00007ffd9a110000 - 0x00007ffd9a120000 	C:\Users\irina\.jdks\corretto-15.0.2\bin\verify.dll
0x00007ffd99ba0000 - 0x00007ffd99ba9000 	C:\Users\irina\.jdks\corretto-15.0.2\bin\management.dll
0x00007ffd99860000 - 0x00007ffd9986b000 	C:\Users\irina\.jdks\corretto-15.0.2\bin\management_ext.dll
0x00007ffd82350000 - 0x00007ffd82367000 	C:\WINDOWS\system32\napinsp.dll
0x00007ffd7f280000 - 0x00007ffd7f29b000 	C:\WINDOWS\system32\pnrpnsp.dll
0x00007ffd9fb00000 - 0x00007ffd9fbe8000 	C:\WINDOWS\SYSTEM32\DNSAPI.dll
0x00007ffd9fad0000 - 0x00007ffd9fafd000 	C:\WINDOWS\SYSTEM32\IPHLPAPI.DLL
0x00007ffda2450000 - 0x00007ffda2459000 	C:\WINDOWS\System32\NSI.dll
0x00007ffd7f1a0000 - 0x00007ffd7f1b2000 	C:\WINDOWS\System32\winrnr.dll
0x00007ffd7f180000 - 0x00007ffd7f195000 	C:\WINDOWS\system32\wshbth.dll
0x00007ffd7f0b0000 - 0x00007ffd7f0cf000 	C:\WINDOWS\system32\nlansp_c.dll
0x00007ffd9ab70000 - 0x00007ffd9ab7a000 	C:\Windows\System32\rasadhlp.dll
0x00007ffd9bd50000 - 0x00007ffd9bdd1000 	C:\WINDOWS\System32\fwpuclnt.dll
0x00007ffda06b0000 - 0x00007ffda06c8000 	C:\WINDOWS\SYSTEM32\CRYPTSP.dll
0x00007ffd9ff30000 - 0x00007ffd9ff65000 	C:\WINDOWS\system32\rsaenh.dll
0x00007ffda0560000 - 0x00007ffda0589000 	C:\WINDOWS\SYSTEM32\USERENV.dll
0x00007ffda08b0000 - 0x00007ffda08d7000 	C:\WINDOWS\SYSTEM32\bcrypt.dll
0x00007ffda06d0000 - 0x00007ffda06dc000 	C:\WINDOWS\SYSTEM32\CRYPTBASE.dll
0x00007ffd9d2c0000 - 0x00007ffd9d2d9000 	C:\WINDOWS\SYSTEM32\dhcpcsvc6.DLL
0x00007ffd9d6b0000 - 0x00007ffd9d6ce000 	C:\WINDOWS\SYSTEM32\dhcpcsvc.DLL
0x00007ffd90e90000 - 0x00007ffd90e9e000 	C:\Users\irina\.jdks\corretto-15.0.2\bin\sunmscapi.dll
0x00007ffda1360000 - 0x00007ffda14c2000 	C:\WINDOWS\System32\CRYPT32.dll
0x00007ffda0810000 - 0x00007ffda0838000 	C:\WINDOWS\SYSTEM32\ncrypt.dll
0x00007ffda07d0000 - 0x00007ffda0807000 	C:\WINDOWS\SYSTEM32\NTASN1.dll

dbghelp: loaded successfully - version: 4.0.5 - missing functions: none
symbol engine: initialized successfully - sym options: 0x614 - pdb path: .;C:\Users\irina\.jdks\corretto-15.0.2\bin;C:\WINDOWS\SYSTEM32;C:\WINDOWS\WinSxS\amd64_microsoft.windows.common-controls_6595b64144ccf1df_6.0.22000.120_none_9d947278b86cc467;C:\Users\irina\.jdks\corretto-15.0.2\bin\server;C:\Program Files\JetBrains\IntelliJ IDEA Educational Edition 2021.1.3\bin

VM Arguments:
jvm_args: -javaagent:C:\Program Files\JetBrains\IntelliJ IDEA Educational Edition 2021.1.3\lib\idea_rt.jar=65232:C:\Program Files\JetBrains\IntelliJ IDEA Educational Edition 2021.1.3\bin -Dfile.encoding=UTF-8 
java_command: webservice.irina.task3.Task3Application
java_class_path (initial): C:\SOA\task3\task3\target\classes;C:\Users\irina\.m2\repository\org\springframework\boot\spring-boot-starter-data-jpa\2.7.5\spring-boot-starter-data-jpa-2.7.5.jar;C:\Users\irina\.m2\repository\org\springframework\boot\spring-boot-starter-aop\2.7.5\spring-boot-starter-aop-2.7.5.jar;C:\Users\irina\.m2\repository\org\springframework\spring-aop\5.3.23\spring-aop-5.3.23.jar;C:\Users\irina\.m2\repository\org\aspectj\aspectjweaver\1.9.7\aspectjweaver-1.9.7.jar;C:\Users\irina\.m2\repository\org\springframework\boot\spring-boot-starter-jdbc\2.7.5\spring-boot-starter-jdbc-2.7.5.jar;C:\Users\irina\.m2\repository\com\zaxxer\HikariCP\4.0.3\HikariCP-4.0.3.jar;C:\Users\irina\.m2\repository\org\springframework\spring-jdbc\5.3.23\spring-jdbc-5.3.23.jar;C:\Users\irina\.m2\repository\jakarta\transaction\jakarta.transaction-api\1.3.3\jakarta.transaction-api-1.3.3.jar;C:\Users\irina\.m2\repository\jakarta\persistence\jakarta.persistence-api\2.2.3\jakarta.persistence-api-2.2.3.jar;C:\Users\irina\.m2\repository\org\hibernate\hibernate-core\5.6.12.Final\hibernate-core-5.6.12.Final.jar;C:\Users\irina\.m2\repository\org\jboss\logging\jboss-logging\3.4.3.Final\jboss-logging-3.4.3.Final.jar;C:\Users\irina\.m2\repository\net\bytebuddy\byte-buddy\1.12.18\byte-buddy-1.12.18.jar;C:\Users\irina\.m2\repository\antlr\antlr\2.7.7\antlr-2.7.7.jar;C:\Users\irina\.m2\repository\org\jboss\jandex\2.4.2.Final\jandex-2.4.2.Final.jar;C:\Users\irina\.m2\repository\com\fasterxml\classmate\1.5.1\classmate-1.5.1.jar;C:\Users\irina\.m2\repository\org\hibernate\common\hibernate-commons-annotations\5.1.2.Final\hibernate-commons-annotations-5.1.2.Final.jar;C:\Users\irina\.m2\repository\org\glassfish\jaxb\jaxb-runtime\2.3.7\jaxb-runtime-2.3.7.jar;C:\Users\irina\.m2\repository\org\glassfish\jaxb\txw2\2.3.7\txw2-2.3.7.jar;C:\Users\irina\.m2\repository\com\sun\istack\istack-commons-runtime\3.0.12\istack-commons-runtime-3.0.12.jar;C:\Users\irina\.m2\repository\com\sun\activation\jakarta.activa
Launcher Type: SUN_STANDARD

[Global flags]
     intx CICompilerCount                          = 4                                         {product} {ergonomic}
     uint ConcGCThreads                            = 2                                         {product} {ergonomic}
     uint G1ConcRefinementThreads                  = 8                                         {product} {ergonomic}
   size_t G1HeapRegionSize                         = 1048576                                   {product} {ergonomic}
    uintx GCDrainStackTargetSize                   = 64                                        {product} {ergonomic}
   size_t InitialHeapSize                          = 100663296                                 {product} {ergonomic}
   size_t MarkStackSize                            = 4194304                                   {product} {ergonomic}
   size_t MaxHeapSize                              = 1595932672                                {product} {ergonomic}
   size_t MaxNewSize                               = 957349888                                 {product} {ergonomic}
   size_t MinHeapDeltaBytes                        = 1048576                                   {product} {ergonomic}
   size_t MinHeapSize                              = 8388608                                   {product} {ergonomic}
    uintx NonNMethodCodeHeapSize                   = 5839372                                {pd product} {ergonomic}
    uintx NonProfiledCodeHeapSize                  = 122909434                              {pd product} {ergonomic}
    uintx ProfiledCodeHeapSize                     = 122909434                              {pd product} {ergonomic}
    uintx ReservedCodeCacheSize                    = 251658240                              {pd product} {ergonomic}
     bool SegmentedCodeCache                       = true                                      {product} {ergonomic}
   size_t SoftMaxHeapSize                          = 1595932672                             {manageable} {ergonomic}
     bool UseCompressedClassPointers               = true                                 {lp64_product} {ergonomic}
     bool UseCompressedOops                        = true                                 {lp64_product} {ergonomic}
     bool UseG1GC                                  = true                                      {product} {ergonomic}
     bool UseLargePagesIndividualAllocation        = false                                  {pd product} {ergonomic}

Logging:
Log output configuration:
 #0: stdout all=warning uptime,level,tags
 #1: stderr all=off uptime,level,tags

Environment Variables:
JAVA_HOME=C:\Users\irina\Downloads\jdk-11.0.14_windows-x64_bin.exe
CLASSPATH=C:\Users\irina\IdeaProjects\HellowWorldFX\src\sample\Main.java
PATH=C:\Program Files\Common Files\Oracle\Java\javapath;C:\Program Files (x86)\Common Files\Oracle\Java\javapath;C:\Program Files\Java\jdk-16.0.1\bin;C:\Python39\Scripts\;C:\Python39\;C:\Program Files\Microsoft MPI\Bin\;C:\Program Files\Python37\Scripts\;C:\Program Files\Python37\;C:\WINDOWS\system32;C:\WINDOWS;C:\WINDOWS\System32\Wbem;C:\WINDOWS\System32\WindowsPowerShell\v1.0\;C:\WINDOWS\System32\OpenSSH\;C:\Program Files\Microsoft SQL Server\Client SDK\ODBC\170\Tools\Binn\;C:\Program Files (x86)\Microsoft SQL Server\150\Tools\Binn\;C:\Program Files\Microsoft SQL Server\150\Tools\Binn\;C:\Program Files\Microsoft SQL Server\150\DTS\Binn\;C:\Program Files (x86)\Microsoft SQL Server\150\DTS\Binn\;C:\ProgramData\chocolatey\bin;C:\Program Files\Docker\Docker\resources\bin;C:\ProgramData\DockerDesktop\version-bin;C:\Program Files\Git\cmd;C:\Program Files\nodejs\;C:\Program Files\MySQL\MySQL Shell 8.0\bin\;C:\Users\irina\AppData\Local\Programs\Python\Python38-32\Scripts\;C:\Users\irina\AppData\Local\Programs\Python\Python38-32\;C:\Users\irina\anaconda3\anaconda;C:\Users\irina\anaconda3\anaconda\Library\mingw-w64\bin;C:\Users\irina\anaconda3\anaconda\Library\usr\bin;C:\Users\irina\anaconda3\anaconda\Library\bin;C:\Users\irina\anaconda3\anaconda\Scripts;C:\Users\irina\AppData\Local\Microsoft\WindowsApps;C:\Users\irina\AppData\Local\Programs\Microsoft VS Code\bin;C:\Users\irina\Downloads\jdk-16.0.1_windows-x64_bin;C:\Users\irina\AppData\Local\GitHubDesktop\bin;C:\Users\irina\AppData\Roaming\npm
USERNAME=irina
OS=Windows_NT
PROCESSOR_IDENTIFIER=AMD64 Family 23 Model 24 Stepping 1, AuthenticAMD



---------------  S Y S T E M  ---------------

OS:
 Windows 10 , 64 bit Build 22000 (10.0.22000.1219)
OS uptime: 2 days 17:17 hours
HyperV virtualization detected

CPU: total 8 (initial active 8) (8 cores per cpu, 2 threads per core) family 23 model 24 stepping 1 microcode 0x0, cmov, cx8, fxsr, mmx, sse, sse2, sse3, ssse3, sse4.1, sse4.2, popcnt, vzeroupper, avx, avx2, aes, clmul, 3dnowpref, lzcnt, sse4a, ht, tsc, tscinvbit, tscinv, bmi1, bmi2, adx, sha, fma, clflush, clflushopt

Memory: 4k page, system-wide physical 6082M (881M free)
TotalPageFile size 24514M (AvailPageFile size 0M)
current process WorkingSet (physical memory assigned to process): 160M, peak: 234M
current process commit charge ("private bytes"): 259M, peak: 281M

vm_info: OpenJDK 64-Bit Server VM (15.0.2+7) for windows-amd64 JRE (15.0.2+7), built on Jan 20 2021 22:17:45 by "Administrator" with MS VC++ 15.9 (VS2017)

END.
